<?xml version="1.0" encoding="UTF-8"?>
<testsuite name="Scenario: Verify invalid login from Login page" time="0.279" tests="6" errors="0" skipped="0" failures="0">
  <properties>
[...]
</properties>
  <testcase name="Given I am Login page" classname="Scenario: Verify invalid login from Login page" time="0.143"/>
  <testcase name="When I enter aylacansu@siliconelabs.com into username field on the Login page" classname="Scenario: Verify invalid login from Login page" time="0"/>
  <testcase name="And I enter test123 into password field on the Login page" classname="Scenario: Verify invalid login from Login page" time="0"/>
  <testcase name="And I click on login button on Login page" classname="Scenario: Verify invalid login from Login page" time="0"/>
  <testcase name="Then I verify invalid login message on login in page" classname="Scenario: Verify invalid login from Login page" time="0"/>
  <testcase name="Scenario: Verify invalid login from Login page" classname="Scenario: Verify invalid login from Login page" time="0.136"/>
</testsuite>